<?xml version="1.0" encoding="UTF-8"?>
<!-- Generated by org.testng.reporters.JUnitReportReporter -->
<testsuite hostname="DESKTOP-AFOKIGP" failures="0" tests="1" name="scripts.ExampleScript" time="2.548" errors="0" timestamp="2023-04-12T17:02:40 IST" skipped="0">
  <testcase classname="scripts.ExampleScript" name="script" time="2.548"/>
  <system-out/>
</testsuite> <!-- scripts.ExampleScript -->
